<?xml version="1.0" encoding="UTF-8"?>

<mule  xmlns:slack="http://www.mulesoft.org/schema/mule/slack"
	xmlns:alexa="http://www.mulesoft.org/schema/mule/alexa"
	xmlns="http://www.mulesoft.org/schema/mule/core" xmlns:doc="http://www.mulesoft.org/schema/mule/documentation" xmlns:xsi="http://www.w3.org/2001/XMLSchema-instance" xsi:schemaLocation="http://www.mulesoft.org/schema/mule/core http://www.mulesoft.org/schema/mule/core/current/mule.xsd
http://www.mulesoft.org/schema/mule/alexa http://www.mulesoft.org/schema/mule/alexa/current/mule-alexa.xsd
http://www.mulesoft.org/schema/mule/slack http://www.mulesoft.org/schema/mule/slack/current/mule-slack.xsd">
	
	<alexa:config name="Alexa_Config1" doc:name="Alexa Config" doc:id="91096669-d273-4393-855d-4e6a6d271e01" >
		<alexa:token-connection token="${alexa.token}" />
	</alexa:config>
	<flow name="delete-skill" doc:id="b42238cf-83c1-4561-ae39-a244c7c920be88855" >
		<alexa:delete-skill doc:name="Delete skill" doc:id="08f4a940-3cb3-4e1b-b8fe-c422f6dc2df7" skillId="amzn1.ask.skill.11c286e9-e0fc-4d96-8e68-816a8a16126e"/>
	
	</flow>
</mule>