<?xml version="1.0" encoding="UTF-8"?>

<mule 
	xmlns:alexa="http://www.mulesoft.org/schema/mule/alexa"
	xmlns="http://www.mulesoft.org/schema/mule/core" xmlns:doc="http://www.mulesoft.org/schema/mule/documentation" xmlns:xsi="http://www.w3.org/2001/XMLSchema-instance" xsi:schemaLocation="http://www.mulesoft.org/schema/mule/core http://www.mulesoft.org/schema/mule/core/current/mule.xsd
http://www.mulesoft.org/schema/mule/alexa http://www.mulesoft.org/schema/mule/alexa/current/mule-alexa.xsd">
	<configuration-properties file="automation-credentials.properties" />
	<alexa:config name="Alexa_Config" doc:name="Alexa Config" doc:id="a1b20c0f-e314-4b93-aa65-f49df33f1fc4" >
		<alexa:token-connection token="${alexa.token}" />
	</alexa:config>
	
	<flow name="update-skill-manifest" doc:id="f7772c8b-13ff-43d1-98ee-c1b7dba1b47e" >
		<alexa:update-skill-manifest doc:name="Update skill manifest" doc:id="69300be7-8cea-4945-b89d-c99d0f402a08" config-ref="Alexa_Config" skillId="amzn1.ask.skill.50bd0d61-9feb-4926-ad89-1280aef320ce">
			<alexa:manifest >
				<alexa:publishing-information testingInstructions="No instruction" category="SMART_HOME" >
					<alexa:distribution-countries >
						<alexa:distribution-country value="US" />
					</alexa:distribution-countries>
					<alexa:locale skillName="Test_update_2" summary="Test Updating Evening" description="Update should be done" >
						<alexa:keywords >
							<alexa:keyword value="hey afternoon" />
						</alexa:keywords>
						<alexa:example-phrases >
							<alexa:example-phrase value="Hi, hello" />
						</alexa:example-phrases>
					</alexa:locale>
				</alexa:publishing-information>
				<alexa:privacy-and-compliance >
					<alexa:plocale privacyPolicyUrl="https://mytesturl.com" termsOfUseUrl="https://myprivacyurl.com" />
				</alexa:privacy-and-compliance>
				<alexa:events >
					<alexa:endpoint uri="https://www.ksquareinc.com/" sslCertificateType="Trusted" />
					<alexa:subscriptions >
						<alexa:sub-scription EventName="SKILL_DISABLED" />
						<alexa:sub-scription EventName="SKILL_ENABLED" />
					</alexa:subscriptions>
				</alexa:events>
				<alexa:apis >
					<alexa:custom >
						<alexa:endpoint uri="https://www.ksquareinc.com/" sslCertificateType="Trusted" />
						<alexa:interfaces >
							<alexa:interface type="CAN_FULFILL_INTENT_REQUEST" />
						</alexa:interfaces>
					</alexa:custom>
				</alexa:apis>
				<alexa:permissions >
					<alexa:permission PermissionName="alexa::devices:all:address:full:read" />
				</alexa:permissions>
			</alexa:manifest>
		</alexa:update-skill-manifest>
	</flow>
</mule>
