<?xml version="1.0" encoding="UTF-8"?>

<mule xmlns:alexa="http://www.mulesoft.org/schema/mule/alexa" 
	xmlns="http://www.mulesoft.org/schema/mule/core"
	xmlns:doc="http://www.mulesoft.org/schema/mule/documentation" xmlns:xsi="http://www.w3.org/2001/XMLSchema-instance" xsi:schemaLocation="http://www.mulesoft.org/schema/mule/core http://www.mulesoft.org/schema/mule/core/current/mule.xsd
http://www.mulesoft.org/schema/mule/alexa http://www.mulesoft.org/schema/mule/alexa/current/mule-alexa.xsd">
	<configuration-properties file="automation-credentials.properties" />
	<alexa:config name="Alexa_Config" doc:name="Alexa Config" doc:id="a1b20c0f-e314-4b93-aa65-f49df33f1fc4" >
		<alexa:token-connection token="${alexa.token}" />
	</alexa:config>
	<flow name="update-skill-intents" doc:id="1ff1bc2f-4891-4c79-9b2a-6ab5d873b7dd" >
		<alexa:update-skill-intents doc:name="Update skill intents" doc:id="ed1ca33e-5f0b-48fd-832a-139dd02c5ded" config-ref="Alexa_Config" skillId="amzn1.ask.skill.50bd0d61-9feb-4926-ad89-1280aef320ce">
			<alexa:model >
				<alexa:dialog delegationStrategy="ALWAYS" >
					<alexa:dialog-intents >
						<alexa:dialog-intent intentName="Test_Activity" confirmationRequired="false" >
							<alexa:dialog-slots >
								<alexa:dialog-slot sname="MyActivity" type="AMAZON.US_FIRST_NAME" />
							</alexa:dialog-slots>
						</alexa:dialog-intent>
					</alexa:dialog-intents>
				</alexa:dialog>
				<alexa:language-model invocationName="my friday test" >
					<alexa:languate-intents >
						<alexa:language-intent intentName="Test_Activity" >
							<alexa:slots >
								<alexa:slot sname="MyActivity" type="AMAZON.US_FIRST_NAME" >
									<alexa:samples >
										<alexa:sample value="how was today" />
									</alexa:samples>
								</alexa:slot>
							</alexa:slots>
							<alexa:samples >
							<alexa:sample value="How is weather today"></alexa:sample>
							</alexa:samples>
						</alexa:language-intent>
						<alexa:language-intent intentName="AMAZON.StopIntent" >
							
						</alexa:language-intent>
						<alexa:language-intent intentName="AMAZON.HelpIntent" >
							
						</alexa:language-intent>
						<alexa:language-intent intentName="AMAZON.CancelIntent" >
							
						</alexa:language-intent>	
					</alexa:languate-intents>
				</alexa:language-model>
			</alexa:model>
		</alexa:update-skill-intents>
	</flow>
</mule>
