<?xml version="1.0" encoding="UTF-8"?>

<mule xmlns:http="http://www.mulesoft.org/schema/mule/http"
	 xmlns:slack="http://www.mulesoft.org/schema/mule/slack"
	xmlns:alexa="http://www.mulesoft.org/schema/mule/alexa"
	xmlns="http://www.mulesoft.org/schema/mule/core" xmlns:doc="http://www.mulesoft.org/schema/mule/documentation" xmlns:xsi="http://www.w3.org/2001/XMLSchema-instance" xsi:schemaLocation="
http://www.mulesoft.org/schema/mule/http http://www.mulesoft.org/schema/mule/http/current/mule-http.xsd http://www.mulesoft.org/schema/mule/core http://www.mulesoft.org/schema/mule/core/current/mule.xsd
http://www.mulesoft.org/schema/mule/alexa http://www.mulesoft.org/schema/mule/alexa/current/mule-alexa.xsd
http://www.mulesoft.org/schema/mule/slack http://www.mulesoft.org/schema/mule/slack/current/mule-slack.xsd">
	<configuration-properties file="automation-credentials.properties" />
	<alexa:config name="Alexa_Config" doc:name="Alexa Config" doc:id="91096669-d273-4393-855d-4e6a6d271e05" >
		<alexa:token-connection token="${alexa.token}" />
	</alexa:config>
	<flow name="create-skill" doc:id="c6863a22-7159-4f40-b31f-efe7e62498b8" >
		<alexa:create-skill doc:name="Create skill" doc:id="bd4a6349-d817-46f4-8ac3-f714fd3efef3" config-ref="Alexa_Config" vendorId="MPLHQBOHBVJ16" summary="after cat enum skill" skillName="TestCase_2" description="This is for  test" endpoint="https://myendpoint.com" category="SPORTS_NEWS">
			<alexa:intents >
				<alexa:intent intentName="myTestCase" confirmationRequired="false" >
					<alexa:slots >
						<alexa:slot sname="TestExe" type="AMAZON.US_FIRST_NAME" />
					</alexa:slots>
					<alexa:samples >
						<alexa:sample value="This is for test case execution" />
					</alexa:samples>
				</alexa:intent>
			</alexa:intents>
		</alexa:create-skill>
	</flow>
</mule>