<mule xmlns="http://www.mulesoft.org/schema/mule/core"
      xmlns:xsi="http://www.w3.org/2001/XMLSchema-instance"
      xmlns:alexaoauth="http://www.mulesoft.org/schema/mule/alexaoauth"
      xsi:schemaLocation="http://www.mulesoft.org/schema/mule/core http://www.mulesoft.org/schema/mule/core/current/mule.xsd
          http://www.mulesoft.org/schema/mule/alexaoauth http://www.mulesoft.org/schema/mule/alexaoauth/current/mule-alexaoauth.xsd">

    <alexaoauth:config name="config" configId="configId">
        <alexaoauth:connection requiredParameter="aValue" />
    </alexaoauth:config>

    <flow name="sayHiFlow">
        <alexaoauth:say-hi person="Mariano Gonzalez"/>
    </flow>

    <flow name="retrieveInfoFlow">
        <alexaoauth:retrieve-info config-ref="config"/>
    </flow>

</mule>
