<?xml version="1.0" encoding="UTF-8"?>

<mule  xmlns:slack="http://www.mulesoft.org/schema/mule/slack"
	xmlns:alexa="http://www.mulesoft.org/schema/mule/alexa"
	xmlns="http://www.mulesoft.org/schema/mule/core" xmlns:doc="http://www.mulesoft.org/schema/mule/documentation" xmlns:xsi="http://www.w3.org/2001/XMLSchema-instance" xsi:schemaLocation="http://www.mulesoft.org/schema/mule/core http://www.mulesoft.org/schema/mule/core/current/mule.xsd
http://www.mulesoft.org/schema/mule/alexa http://www.mulesoft.org/schema/mule/alexa/current/mule-alexa.xsd
http://www.mulesoft.org/schema/mule/slack http://www.mulesoft.org/schema/mule/slack/current/mule-slack.xsd">
	
	<alexa:config name="Alexa_Config1" doc:name="Alexa Config" doc:id="91096669-d273-4393-855d-4e6a6d271e03" >
		<alexa:token-connection token="Atza|IwEBIIELUTbgfay13GyBiYCSimSVBJOtCTx6oiuvcBHYRwy53xGpjjwSlQ9HNsY5lec83M7UzuKTJ7Dnkm6sp6DdYxNCfO8LPviTm4XUj2P9KWnzbmWIuN5Sy5SzDOmjHcDCyjXoqoFmdTG1Bj4b_NQeh2H-FN-r_1S6GW5R6NooZd6-Q_x6vr4LJyFlmik1kzoeQpmUMYHRbHJ5SGVqYuVPbft1C1hxGLOHGuNLC-vlIp8xDtA8zqwa5hWCs7FD1RhcjmOk9okmvGT8AO6ZPw0iIVWSHCPlwzEBkeUDcBRIl25ebM0PhyB8k59AYzlNNiTjjtYVQne0r4MCkwYXqBIL3KgTqpZnTzssIuN1S9cpcjAGfwvNbC8EbgkZ_o6i5N8LWkRVrXsy1eaeh3zMmnETrQ9ovDlHdKV7J3v2HqhwJro2AK9ws_XSD_PhSYGSF7iLmFL1DaxGdUgWPPtvg1nfklXeJtIEOBOmC_NAw9jQvldfVgUVqS5z2TnCUQM38oQ_ZC80zkkTXUyhJKHM8c_gqZG8t3_StAkV63BFvQw7iI0M6IH-RNs5FgLpYRb8YMrGhJEAxlY0LPkgQBhwVdVoA6b7IX9iMe-RoEBxsO11a8wVpA" />
	</alexa:config>
	<flow name="oauth-testFlow" doc:id="b42238cf-83c1-4561-ae39-a244c7c920be" >
		<alexa:skill-info doc:name="Skill info" doc:id="c2dfb64f-1b39-4b9b-b0cc-cb898ba74f04" config-ref="Alexa_Config1" skillId="amzn1.ask.skill.11c286e9-e0fc-4d96-8e68-816a8a16126e"/>
	</flow>
</mule>