<?xml version="1.0" encoding="UTF-8"?>

<mule xmlns:http="http://www.mulesoft.org/schema/mule/http"
	 xmlns:slack="http://www.mulesoft.org/schema/mule/slack"
	xmlns:alexa="http://www.mulesoft.org/schema/mule/alexa"
	xmlns="http://www.mulesoft.org/schema/mule/core" xmlns:doc="http://www.mulesoft.org/schema/mule/documentation" xmlns:xsi="http://www.w3.org/2001/XMLSchema-instance" xsi:schemaLocation="
http://www.mulesoft.org/schema/mule/http http://www.mulesoft.org/schema/mule/http/current/mule-http.xsd http://www.mulesoft.org/schema/mule/core http://www.mulesoft.org/schema/mule/core/current/mule.xsd
http://www.mulesoft.org/schema/mule/alexa http://www.mulesoft.org/schema/mule/alexa/current/mule-alexa.xsd
http://www.mulesoft.org/schema/mule/slack http://www.mulesoft.org/schema/mule/slack/current/mule-slack.xsd">
	<configuration-properties file="automation-credentials.properties" />
	<alexa:config name="Alexa_Config" doc:name="Alexa Config" doc:id="91096669-d273-4393-855d-4e6a6d271e05" >
		<alexa:token-connection token="${alexa.token}" />
	</alexa:config>
	<flow name="create-skill" doc:id="c6863a22-7159-4f40-b31f-efe7e62498b8" >
		<alexa:create-skill doc:name="Create skill" doc:id="bd4a6349-d817-46f4-8ac3-f714fd3efef3" config-ref="Alexa_Config" vendorId="MPLHQBOHBVJ16"  skillName="TestCase_2"  endpoint="https://myendpoint.com" category="SPORTS_NEWS" invocationName ="my first skill">
			<alexa:intents >
				<alexa:intent intentName="myTestCase" confirmationRequired="false" >
					<alexa:slots >
						<alexa:slot sname="TestExe" type="AMAZON.US_FIRST_NAME" />
					</alexa:slots>
					<alexa:samples >
						<alexa:sample value="This is for test case execution" />
					</alexa:samples>
				</alexa:intent>
			</alexa:intents>
		</alexa:create-skill>
	</flow>
	
	<flow name="wrong-skill" doc:id="00cec99c-be25-41d4-9df6-4bcacfeb680c" >
		<alexa:create-skill doc:name="Create skill" doc:id="cb542a53-9184-4874-886d-8990f43251cb" config-ref="Alexa_Config" vendorId="MPLHQBOHBVJ154"  skillName="TestCase_Wrong"  endpoint="https://myendpoint.com" category="SPORTS_NEWS" invocationName ="Alexa">
			<alexa:intents >
				<alexa:intent intentName="myTestCase" confirmationRequired="false" >
					<alexa:slots >
						<alexa:slot sname="TestExe" type="AMAZON.US_FIRST_NAME" />
					</alexa:slots>
					<alexa:samples >
						<alexa:sample value="This is for test case execution" />
					</alexa:samples>
				</alexa:intent>
			</alexa:intents>
		</alexa:create-skill>
	</flow>
	<flow name="wrong-skill-intents" doc:id="59d3a246-8a13-43ff-a6b8-3f53f73cac3c" >
		<alexa:create-skill doc:name="Create skill" doc:id="878c4c39-93f2-441b-87cf-c0377c9c507b" config-ref="Alexa_Config" vendorId="MPLHQBOHBVJ16"  skillName="TestCase_"  endpoint="https://myendpoint.com" category="SPORTS_NEWS" invocationName ="my wrong skill">
			<alexa:intents >
				<alexa:intent intentName="myTestCase" confirmationRequired="false" >
					<alexa:slots >
						<alexa:slot sname="TestExe" type="AMAZON.TEST" />
					</alexa:slots>
					<alexa:samples >
						<alexa:sample value="This is for test case execution" />
					</alexa:samples>
				</alexa:intent>
			</alexa:intents>
		</alexa:create-skill>
	</flow>
</mule>