<?xml version="1.0" encoding="UTF-8"?>

<mule  xmlns:slack="http://www.mulesoft.org/schema/mule/slack"
	xmlns:alexa="http://www.mulesoft.org/schema/mule/alexa"
	xmlns="http://www.mulesoft.org/schema/mule/core" xmlns:doc="http://www.mulesoft.org/schema/mule/documentation" xmlns:xsi="http://www.w3.org/2001/XMLSchema-instance" xsi:schemaLocation="http://www.mulesoft.org/schema/mule/core http://www.mulesoft.org/schema/mule/core/current/mule.xsd
http://www.mulesoft.org/schema/mule/alexa http://www.mulesoft.org/schema/mule/alexa/current/mule-alexa.xsd
http://www.mulesoft.org/schema/mule/slack http://www.mulesoft.org/schema/mule/slack/current/mule-slack.xsd">
	<configuration-properties file="automation-credentials.properties" />
	<alexa:config name="Alexa_Config" doc:name="Alexa Config" doc:id="91096669-d273-4393-855d-4e6a6d271e09" >
		<alexa:token-connection token="${alexa.token}" />
	</alexa:config>
	<flow name="update-skill" doc:id="b42238cf-83c1-4561-ae39-a244c7c920be8885577" >
	<alexa:update-skill doc:name="Update skill" doc:id="28fbc22e-835e-418b-8610-3cbe420e2fa7" config-ref="Alexa_Config" skillId="amzn1.ask.skill.fc0b029d-f790-4862-acf4-e9fe61f95186">
			<alexa:model >
				<alexa:dialog delegationStrategy="ALWAYS" >
					<alexa:dialog-intents >
						<alexa:dialog-intent intentName="Test_Activity" confirmationRequired="false" >
							<alexa:dialog-slots >
								<alexa:dialog-slot sname="MyActivity" type="AMAZON.US_FIRST_NAME" />
							</alexa:dialog-slots>
						</alexa:dialog-intent>
					</alexa:dialog-intents>
				</alexa:dialog>
				<alexa:language-model invocationName="my friday test" >
					<alexa:languate-intents >
						<alexa:language-intent intentName="Test_Activity" >
							<alexa:slots >
								<alexa:slot sname="MyActivity" type="AMAZON.US_FIRST_NAME" >
									<alexa:samples >
										<alexa:sample value="how was today" />
									</alexa:samples>
								</alexa:slot>
							</alexa:slots>
							<alexa:samples >
							<alexa:sample value="How is weather today"></alexa:sample>
							</alexa:samples>
						</alexa:language-intent>
						<alexa:language-intent intentName="AMAZON.StopIntent" >
							
						</alexa:language-intent>
						<alexa:language-intent intentName="AMAZON.HelpIntent" >
							
						</alexa:language-intent>
						<alexa:language-intent intentName="AMAZON.CancelIntent" >
							
						</alexa:language-intent>	
					</alexa:languate-intents>
				</alexa:language-model>
			</alexa:model>
			<alexa:manifest >
				<alexa:publishing-information testingInstructions="No instruction" category="SMART_HOME" >
					<alexa:distribution-countries >
						<alexa:distribution-country value="US" />
					</alexa:distribution-countries>
					<alexa:locale skillName="Test_update_2" summary="Test Updating Evening" description="Update should be done" >
						<alexa:keywords >
							<alexa:keyword value="hey afternoon" />
						</alexa:keywords>
						<alexa:example-phrases >
							<alexa:example-phrase value="Hi, hello" />
						</alexa:example-phrases>
					</alexa:locale>
				</alexa:publishing-information>
				<alexa:privacy-and-compliance >
					<alexa:plocale privacyPolicyUrl="https://mytesturl.com" termsOfUseUrl="https://myprivacyurl.com" />
				</alexa:privacy-and-compliance>
				<alexa:events >
					<alexa:endpoint uri="https://www.ksquareinc.com/" sslCertificateType="Trusted" />
					<alexa:subscriptions >
						<alexa:sub-scription EventName="SKILL_DISABLED" />
						<alexa:sub-scription EventName="SKILL_ENABLED" />
					</alexa:subscriptions>
				</alexa:events>
				<alexa:apis >
					<alexa:custom >
						<alexa:endpoint uri="https://www.ksquareinc.com/" sslCertificateType="Trusted" />
						<alexa:interfaces >
							<alexa:interface type="CAN_FULFILL_INTENT_REQUEST" />
						</alexa:interfaces>
					</alexa:custom>
				</alexa:apis>
				<alexa:permissions >
					<alexa:permission PermissionName="alexa::devices:all:address:full:read" />
				</alexa:permissions>
			</alexa:manifest>
		</alexa:update-skill>

	</flow>
</mule>